f:\研究生课程\740 game graphics programming\a5\pointlight\dx11starter\dx11starter\dx11starter\debug\vc140.pdb
f:\研究生课程\740 game graphics programming\a5\pointlight\dx11starter\dx11starter\dx11starter\debug\vc140.idb
f:\研究生课程\740 game graphics programming\a5\pointlight\dx11starter\dx11starter\dx11starter\debug\camera.obj
f:\研究生课程\740 game graphics programming\a5\pointlight\dx11starter\dx11starter\dx11starter\debug\dxcore.obj
f:\研究生课程\740 game graphics programming\a5\pointlight\dx11starter\dx11starter\dx11starter\debug\entity.obj
f:\研究生课程\740 game graphics programming\a5\pointlight\dx11starter\dx11starter\dx11starter\debug\game.obj
f:\研究生课程\740 game graphics programming\a5\pointlight\dx11starter\dx11starter\dx11starter\debug\main.obj
f:\研究生课程\740 game graphics programming\a5\pointlight\dx11starter\dx11starter\dx11starter\debug\material.obj
f:\研究生课程\740 game graphics programming\a5\pointlight\dx11starter\dx11starter\dx11starter\debug\mesh.obj
f:\研究生课程\740 game graphics programming\a5\pointlight\dx11starter\dx11starter\dx11starter\debug\simpleshader.obj
f:\研究生课程\740 game graphics programming\a5\pointlight\dx11starter\dx11starter\dx11starter\debug\pixelshader.cso
f:\研究生课程\740 game graphics programming\a5\pointlight\dx11starter\dx11starter\dx11starter\debug\vertexshader.cso
f:\研究生课程\740 game graphics programming\a5\pointlight\dx11starter\dx11starter\dx11starter\debug\dx11starter.ilk
f:\研究生课程\740 game graphics programming\a5\pointlight\dx11starter\dx11starter\dx11starter\debug\dx11starter.exe
f:\研究生课程\740 game graphics programming\a5\pointlight\dx11starter\dx11starter\dx11starter\debug\dx11starter.pdb
f:\研究生课程\740 game graphics programming\a5\pointlight\dx11starter\dx11starter\dx11starter\debug\cone.obj
f:\研究生课程\740 game graphics programming\a5\pointlight\dx11starter\dx11starter\dx11starter\debug\cube.obj
f:\研究生课程\740 game graphics programming\a5\pointlight\dx11starter\dx11starter\dx11starter\debug\cylinder.obj
f:\研究生课程\740 game graphics programming\a5\pointlight\dx11starter\dx11starter\dx11starter\debug\helix.obj
f:\研究生课程\740 game graphics programming\a5\pointlight\dx11starter\dx11starter\dx11starter\debug\sphere.obj
f:\研究生课程\740 game graphics programming\a5\pointlight\dx11starter\dx11starter\dx11starter\debug\torus.obj
f:\研究生课程\740 game graphics programming\a5\pointlight\dx11starter\dx11starter\dx11starter\debug\dx11starter.tlog\cl.command.1.tlog
f:\研究生课程\740 game graphics programming\a5\pointlight\dx11starter\dx11starter\dx11starter\debug\dx11starter.tlog\cl.read.1.tlog
f:\研究生课程\740 game graphics programming\a5\pointlight\dx11starter\dx11starter\dx11starter\debug\dx11starter.tlog\cl.write.1.tlog
f:\研究生课程\740 game graphics programming\a5\pointlight\dx11starter\dx11starter\dx11starter\debug\dx11starter.tlog\dx11starter.write.1u.tlog
f:\研究生课程\740 game graphics programming\a5\pointlight\dx11starter\dx11starter\dx11starter\debug\dx11starter.tlog\fxc.command.1.tlog
f:\研究生课程\740 game graphics programming\a5\pointlight\dx11starter\dx11starter\dx11starter\debug\dx11starter.tlog\fxc.read.1.tlog
f:\研究生课程\740 game graphics programming\a5\pointlight\dx11starter\dx11starter\dx11starter\debug\dx11starter.tlog\fxc.write.1.tlog
f:\研究生课程\740 game graphics programming\a5\pointlight\dx11starter\dx11starter\dx11starter\debug\dx11starter.tlog\link.command.1.tlog
f:\研究生课程\740 game graphics programming\a5\pointlight\dx11starter\dx11starter\dx11starter\debug\dx11starter.tlog\link.read.1.tlog
f:\研究生课程\740 game graphics programming\a5\pointlight\dx11starter\dx11starter\dx11starter\debug\dx11starter.tlog\link.write.1.tlog
